2025/02/14 22:53:03 Logger Created
2025/02/14 22:53:03 INFO: Config loaded successfully.
2025/02/14 22:53:03 INFO: Authorized as Task_Img_Tracker_bot
2025/02/14 22:53:03 INFO: Starting updates processing...
2025/02/14 22:54:13 DEBUG: Received message from @rekviid: Вернуться в главное меню
2025/02/14 22:54:13 INFO: User rekviid returned to the main menu
2025/02/14 22:54:13 DEBUG: Showing role selection for user: rekviid
2025/02/14 22:55:20 Logger Created
2025/02/14 22:55:20 INFO: Config loaded successfully.
2025/02/14 22:55:21 INFO: Authorized as Task_Img_Tracker_bot
2025/02/14 22:55:21 INFO: Starting updates processing...
2025/02/14 22:55:23 DEBUG: Received message from @rekviid: Вернуться в главное меню
2025/02/14 22:55:23 INFO: User rekviid returned to the main menu
2025/02/14 22:55:23 DEBUG: Showing role selection for user: rekviid
2025/02/14 22:55:24 DEBUG: Received message from @rekviid: Работник
2025/02/14 22:55:24 INFO: User rekviid selected role: Worker
2025/02/14 22:55:24 INFO: Worker rekviid started the photo upload process
2025/02/14 22:55:24 DEBUG: Showing object selection for user: rekviid
2025/02/14 22:55:27 INFO: User rekviid selected object: Объект 1
2025/02/14 22:55:27 DEBUG: Showing position selection for user: rekviid
2025/02/14 22:55:28 INFO: User ID 514646676 selected position: Охранник
2025/02/14 22:55:28 DEBUG: Requesting photo from user: rekviid
2025/02/14 22:55:37 DEBUG: Received message from @rekviid: 
2025/02/14 22:55:37 INFO: User rekviid sent a photo
2025/02/14 22:55:37 INFO: Handling photo from user: rekviid
2025/02/14 22:55:37 INFO: Photo from user rekviid saved; Path: photos/Охранник/Объект 1/14.02.2025/rekviid.jpg
2025/02/14 22:56:03 DEBUG: Received message from @rekviid: Вернуться в главное меню
2025/02/14 22:56:03 INFO: User rekviid returned to the main menu
2025/02/14 22:56:03 DEBUG: Showing role selection for user: rekviid
2025/02/14 22:56:04 DEBUG: Received message from @rekviid: Администратор
2025/02/14 22:56:04 INFO: User rekviid selected role: Admin
2025/02/14 22:56:04 INFO: User rekviid is requesting admin access
2025/02/14 22:56:07 INFO: User rekviid successfully logged in as admin
2025/02/14 22:56:07 INFO: Showing admin options to User rekviid
2025/02/14 22:56:16 DEBUG: Received message from @rekviid: Просмотр файловой системы
2025/02/14 22:56:16 INFO: User rekviid is viewing the file system
2025/02/14 22:56:31 DEBUG: Received message from @rekviid: Вернуться в главное меню
2025/02/14 22:56:31 INFO: User rekviid returned to the main menu
2025/02/14 22:56:31 DEBUG: Showing role selection for user: rekviid
2025/02/14 22:56:57 DEBUG: Received message from @rekviid: Вернуться в главное меню
2025/02/14 22:56:57 INFO: User rekviid returned to the main menu
2025/02/14 22:56:57 DEBUG: Showing role selection for user: rekviid
2025/02/14 22:59:37 Logger Created
2025/02/14 22:59:37 INFO: Config loaded successfully.
2025/02/14 22:59:38 INFO: Authorized as Task_Img_Tracker_bot
2025/02/14 22:59:38 INFO: Starting updates processing...
2025/02/14 22:59:40 Logger Created
2025/02/14 22:59:40 INFO: Config loaded successfully.
2025/02/14 22:59:41 INFO: Authorized as Task_Img_Tracker_bot
2025/02/14 22:59:41 INFO: Starting updates processing...
2025/02/14 23:06:28 Logger Created
2025/02/14 23:06:28 ERROR: Failed to load config: open ./configuration.json: no such file or directory
2025/02/14 23:06:41 Logger Created
2025/02/14 23:06:41 ERROR: Failed to load config: open ./configuration.json: no such file or directory
2025/02/14 23:07:04 Logger Created
2025/02/14 23:07:04 INFO: Config loaded successfully.
2025/02/14 23:07:05 INFO: Authorized as Task_Img_Tracker_bot
2025/02/14 23:07:05 INFO: Starting updates processing...
2025/02/14 23:07:05 DEBUG: Received message from @rekviid: /start
2025/02/14 23:07:05 INFO: User rekviid started the bot
2025/02/14 23:07:05 DEBUG: Showing role selection for user: rekviid
2025/02/14 23:08:10 DEBUG: Received message from @rekviid: /start
2025/02/14 23:08:10 INFO: User rekviid started the bot
2025/02/14 23:08:10 DEBUG: Showing role selection for user: rekviid
2025/02/14 23:08:14 DEBUG: Received message from @rekviid: Работник
2025/02/14 23:08:14 INFO: User rekviid selected role: Worker
2025/02/14 23:08:14 INFO: Worker rekviid started the photo upload process
2025/02/14 23:08:14 DEBUG: Showing object selection for user: rekviid
2025/02/14 23:08:15 INFO: User rekviid returned to the main menu
2025/02/14 23:08:15 DEBUG: Showing role selection for user: rekviid
2025/02/14 23:08:16 DEBUG: Received message from @rekviid: Администратор
2025/02/14 23:08:16 INFO: User rekviid selected role: Admin
2025/02/14 23:08:16 INFO: User rekviid is requesting admin access
2025/02/14 23:08:18 INFO: User rekviid successfully logged in as admin
2025/02/14 23:08:18 INFO: Showing admin options to User rekviid
2025/02/14 23:08:22 DEBUG: Received message from @rekviid: Просмотр фотографий
2025/02/14 23:08:22 INFO: User rekviid is viewing photos
2025/02/14 23:08:32 INFO: Showing admin options to User rekviid
2025/02/14 23:08:41 DEBUG: Received message from @rekviid: просмотр файла логирования
2025/02/14 23:08:41 INFO: User rekviid is viewing the log file
2025/02/14 23:08:44 DEBUG: Received message from @rekviid: Просмотр файловой системы
2025/02/14 23:08:44 INFO: User rekviid is viewing the file system
2025/02/14 23:08:44 ERROR: Directory /Users/vladbelousov/GolandProjects/TgTaskBot/photos does not exist: stat /Users/vladbelousov/GolandProjects/TgTaskBot/photos: no such file or directory
